\BOOKMARK [1][-]{section.1}{Introduction}{}% 1
\BOOKMARK [1][-]{section.2}{Related workflow}{}% 2
\BOOKMARK [2][-]{subsection.2.1}{Taintdroid}{section.2}% 3
\BOOKMARK [2][-]{subsection.2.2}{Cheetah}{section.2}% 4
\BOOKMARK [2][-]{subsection.2.3}{ARTist}{section.2}% 5
\BOOKMARK [1][-]{section.3}{Our Inplementation}{}% 6
\BOOKMARK [2][-]{subsection.3.1}{Principles of finding Information flow}{section.3}% 7
\BOOKMARK [3][-]{subsubsection.3.1.1}{Taint sink}{subsection.3.1}% 8
\BOOKMARK [3][-]{subsubsection.3.1.2}{Taint Propogation}{subsection.3.1}% 9
\BOOKMARK [2][-]{subsection.3.2}{Principles of finding ICFG flow}{section.3}% 10
\BOOKMARK [3][-]{subsubsection.3.2.1}{Taint sink}{subsection.3.2}% 11
\BOOKMARK [3][-]{subsubsection.3.2.2}{Taint Propogation}{subsection.3.2}% 12
\BOOKMARK [1][-]{section.4}{Application Implementation}{}% 13
\BOOKMARK [2][-]{subsection.4.1}{soot}{section.4}% 14
\BOOKMARK [2][-]{subsection.4.2}{Workflow}{section.4}% 15
\BOOKMARK [3][-]{subsubsection.4.2.1}{benchmark}{subsection.4.2}% 16
\BOOKMARK [2][-]{subsection.4.3}{Figures}{section.4}% 17
\BOOKMARK [2][-]{subsection.4.4}{Tables}{section.4}% 18
\BOOKMARK [2][-]{subsection.4.5}{Lists}{section.4}% 19
\BOOKMARK [2][-]{subsection.4.6}{References}{section.4}% 20
