\BOOKMARK [1][-]{section.1}{Introduction}{}% 1
\BOOKMARK [1][-]{section.2}{Related workflow}{}% 2
\BOOKMARK [2][-]{subsection.2.1}{Taintdroid}{section.2}% 3
\BOOKMARK [2][-]{subsection.2.2}{Cheetah}{section.2}% 4
\BOOKMARK [2][-]{subsection.2.3}{Inspeckage}{section.2}% 5
\BOOKMARK [1][-]{section.3}{Theory Principles}{}% 6
\BOOKMARK [2][-]{subsection.3.1}{Principles of finding Information flow in DTA}{section.3}% 7
\BOOKMARK [3][-]{subsubsection.3.1.1}{Runtime support}{subsection.3.1}% 8
\BOOKMARK [3][-]{subsubsection.3.1.2}{Taint Source}{subsection.3.1}% 9
\BOOKMARK [3][-]{subsubsection.3.1.3}{Taint Propogation}{subsection.3.1}% 10
\BOOKMARK [3][-]{subsubsection.3.1.4}{Taint sink}{subsection.3.1}% 11
\BOOKMARK [3][-]{subsubsection.3.1.5}{Taint tag storage}{subsection.3.1}% 12
\BOOKMARK [2][-]{subsection.3.2}{Principles of finding ICFG}{section.3}% 13
\BOOKMARK [3][-]{subsubsection.3.2.1}{Taint sink}{subsection.3.2}% 14
\BOOKMARK [2][-]{subsection.3.3}{Principles of finding IFDS}{section.3}% 15
\BOOKMARK [1][-]{section.4}{Application Implementation}{}% 16
\BOOKMARK [2][-]{subsection.4.1}{Useful Tools introduction}{section.4}% 17
\BOOKMARK [3][-]{subsubsection.4.1.1}{Soot}{subsection.4.1}% 18
\BOOKMARK [2][-]{subsection.4.2}{Workflow}{section.4}% 19
\BOOKMARK [3][-]{subsubsection.4.2.1}{benchmark}{subsection.4.2}% 20
\BOOKMARK [2][-]{subsection.4.3}{References}{section.4}% 21
